<?xml version="1.0" encoding="UTF-8"?>
<testsuite name="ru.spbau.svidchenko.hw02.task01.ListTest" tests="3" skipped="0" failures="0" errors="0" timestamp="2016-09-17T21:43:47" hostname="HomeUnderCloud" time="0.029">
  <properties/>
  <testcase name="findAndRemove" classname="ru.spbau.svidchenko.hw02.task01.ListTest" time="0.01"/>
  <testcase name="findAndReplace" classname="ru.spbau.svidchenko.hw02.task01.ListTest" time="0.016"/>
  <testcase name="pushbackAndFind" classname="ru.spbau.svidchenko.hw02.task01.ListTest" time="0.003"/>
  <system-out><![CDATA[]]></system-out>
  <system-err><![CDATA[]]></system-err>
</testsuite>
